<?xml version="1.0" encoding="UTF-8"?>
<!-- Generated by org.testng.reporters.JUnitReportReporter -->
<testsuite hostname="DESKTOP-CVFOHSN" failures="0" tests="1" name="com.qa.testlayer.Test_Execution_Country" time="85.645" errors="0" timestamp="2022-11-29T22:53:58 IST" skipped="0">
  <testcase classname="com.qa.testlayer.Test_Execution_Country" name="verify_County" time="85.645"/>
  <system-out/>
</testsuite> <!-- com.qa.testlayer.Test_Execution_Country -->
